Determining if the pthread_create exist failed with the following output:
Change Dir: /home/xplore/Desktop/AV_Workspace/av_ws/build/CMakeFiles/CMakeTmp

Run Build Command:"/usr/bin/make" "cmTC_11d9b/fast"
/usr/bin/make -f CMakeFiles/cmTC_11d9b.dir/build.make CMakeFiles/cmTC_11d9b.dir/build
make[1]: Entering directory '/home/xplore/Desktop/AV_Workspace/av_ws/build/CMakeFiles/CMakeTmp'
Building C object CMakeFiles/cmTC_11d9b.dir/CheckSymbolExists.c.o
/usr/bin/cc    -o CMakeFiles/cmTC_11d9b.dir/CheckSymbolExists.c.o   -c /home/xplore/Desktop/AV_Workspace/av_ws/build/CMakeFiles/CMakeTmp/CheckSymbolExists.c
Linking C executable cmTC_11d9b
/usr/bin/cmake -E cmake_link_script CMakeFiles/cmTC_11d9b.dir/link.txt --verbose=1
/usr/bin/cc      -rdynamic CMakeFiles/cmTC_11d9b.dir/CheckSymbolExists.c.o  -o cmTC_11d9b 
CMakeFiles/cmTC_11d9b.dir/CheckSymbolExists.c.o: In function `main':
CheckSymbolExists.c:(.text+0x14): undefined reference to `pthread_create'
CheckSymbolExists.c:(.text+0x18): undefined reference to `pthread_create'
collect2: error: ld returned 1 exit status
CMakeFiles/cmTC_11d9b.dir/build.make:97: recipe for target 'cmTC_11d9b' failed
make[1]: *** [cmTC_11d9b] Error 1
make[1]: Leaving directory '/home/xplore/Desktop/AV_Workspace/av_ws/build/CMakeFiles/CMakeTmp'
Makefile:126: recipe for target 'cmTC_11d9b/fast' failed
make: *** [cmTC_11d9b/fast] Error 2

File /home/xplore/Desktop/AV_Workspace/av_ws/build/CMakeFiles/CMakeTmp/CheckSymbolExists.c:
/* */
#include <pthread.h>

int main(int argc, char** argv)
{
  (void)argv;
#ifndef pthread_create
  return ((int*)(&pthread_create))[argc];
#else
  (void)argc;
  return 0;
#endif
}

Determining if the function pthread_create exists in the pthreads failed with the following output:
Change Dir: /home/xplore/Desktop/AV_Workspace/av_ws/build/CMakeFiles/CMakeTmp

Run Build Command:"/usr/bin/make" "cmTC_ed000/fast"
/usr/bin/make -f CMakeFiles/cmTC_ed000.dir/build.make CMakeFiles/cmTC_ed000.dir/build
make[1]: Entering directory '/home/xplore/Desktop/AV_Workspace/av_ws/build/CMakeFiles/CMakeTmp'
Building C object CMakeFiles/cmTC_ed000.dir/CheckFunctionExists.c.o
/usr/bin/cc   -DCHECK_FUNCTION_EXISTS=pthread_create   -o CMakeFiles/cmTC_ed000.dir/CheckFunctionExists.c.o   -c /usr/share/cmake-3.10/Modules/CheckFunctionExists.c
Linking C executable cmTC_ed000
/usr/bin/cmake -E cmake_link_script CMakeFiles/cmTC_ed000.dir/link.txt --verbose=1
/usr/bin/cc  -DCHECK_FUNCTION_EXISTS=pthread_create    -rdynamic CMakeFiles/cmTC_ed000.dir/CheckFunctionExists.c.o  -o cmTC_ed000 -lpthreads 
/usr/bin/ld: cannot find -lpthreads
collect2: error: ld returned 1 exit status
CMakeFiles/cmTC_ed000.dir/build.make:97: recipe for target 'cmTC_ed000' failed
make[1]: *** [cmTC_ed000] Error 1
make[1]: Leaving directory '/home/xplore/Desktop/AV_Workspace/av_ws/build/CMakeFiles/CMakeTmp'
Makefile:126: recipe for target 'cmTC_ed000/fast' failed
make: *** [cmTC_ed000/fast] Error 2


